<?xml version="1.0" encoding="UTF-8"?>
<!-- Generated by org.testng.reporters.JUnitXMLReporter -->
<testsuite hostname="BDC11-L-7200HGD" ignored="0" name="Test" tests="6" failures="0" timestamp="02 Jul 2019 07:44:22 GMT" time="0.087" errors="0">
  <testcase name="SeleniumLogin" time="0.017" classname="qaclickacademy.SeleniumTest"/>
  <testcase name="SeleniumLogin1" time="0.0" classname="qaclickacademy.SeleniumTest"/>
  <testcase name="RestAPILogin" time="0.001" classname="qaclickacademy.RestAPITest"/>
  <testcase name="RestAPILogin1" time="0.0" classname="qaclickacademy.RestAPITest"/>
  <testcase name="AppiumLogin" time="0.001" classname="qaclickacademy.AppiumTest"/>
  <testcase name="AppiumLogin1" time="0.001" classname="qaclickacademy.AppiumTest"/>
</testsuite> <!-- Test -->
