<?xml version="1.0" encoding="UTF-8"?>
<testng-results skipped="0" failed="0" ignored="0" total="6" passed="6">
  <reporter-output>
  </reporter-output>
  <suite name="Suite" duration-ms="87" started-at="2019-07-02T07:44:22Z" finished-at="2019-07-02T07:44:22Z">
    <groups>
    </groups>
    <test name="Test" duration-ms="87" started-at="2019-07-02T07:44:22Z" finished-at="2019-07-02T07:44:22Z">
      <class name="qaclickacademy.AppiumTest">
        <test-method status="PASS" signature="AppiumLogin()[pri:0, instance:qaclickacademy.AppiumTest@3dd3bcd]" name="AppiumLogin" duration-ms="1" started-at="2019-07-02T07:44:22Z" finished-at="2019-07-02T07:44:22Z">
          <reporter-output>
          </reporter-output>
        </test-method> <!-- AppiumLogin -->
        <test-method status="PASS" signature="AppiumLogin1()[pri:0, instance:qaclickacademy.AppiumTest@3dd3bcd]" name="AppiumLogin1" duration-ms="1" started-at="2019-07-02T07:44:22Z" finished-at="2019-07-02T07:44:22Z">
          <reporter-output>
          </reporter-output>
        </test-method> <!-- AppiumLogin1 -->
      </class> <!-- qaclickacademy.AppiumTest -->
      <class name="qaclickacademy.RestAPITest">
        <test-method status="PASS" signature="RestAPILogin()[pri:0, instance:qaclickacademy.RestAPITest@12843fce]" name="RestAPILogin" duration-ms="1" started-at="2019-07-02T07:44:22Z" finished-at="2019-07-02T07:44:22Z">
          <reporter-output>
          </reporter-output>
        </test-method> <!-- RestAPILogin -->
        <test-method status="PASS" signature="RestAPILogin1()[pri:0, instance:qaclickacademy.RestAPITest@12843fce]" name="RestAPILogin1" duration-ms="0" started-at="2019-07-02T07:44:22Z" finished-at="2019-07-02T07:44:22Z">
          <reporter-output>
          </reporter-output>
        </test-method> <!-- RestAPILogin1 -->
      </class> <!-- qaclickacademy.RestAPITest -->
      <class name="qaclickacademy.SeleniumTest">
        <test-method status="PASS" signature="SeleniumLogin()[pri:0, instance:qaclickacademy.SeleniumTest@13c78c0b]" name="SeleniumLogin" duration-ms="17" started-at="2019-07-02T07:44:22Z" finished-at="2019-07-02T07:44:22Z">
          <reporter-output>
          </reporter-output>
        </test-method> <!-- SeleniumLogin -->
        <test-method status="PASS" signature="SeleniumLogin1()[pri:0, instance:qaclickacademy.SeleniumTest@13c78c0b]" name="SeleniumLogin1" duration-ms="0" started-at="2019-07-02T07:44:22Z" finished-at="2019-07-02T07:44:22Z">
          <reporter-output>
          </reporter-output>
        </test-method> <!-- SeleniumLogin1 -->
      </class> <!-- qaclickacademy.SeleniumTest -->
    </test> <!-- Test -->
  </suite> <!-- Suite -->
</testng-results>
